1670543687415	geckodriver	INFO	Listening on 127.0.0.1:50002
1670543687814	mozrunner::runner	INFO	Running command: "/Applications/Firefox.app/Contents/MacOS/firefox-bin" "--marionette" "--remote-debugging-port" "50003" "--remote-allow-hosts" "localhost" "-foreground" "-no-remote" "-profile" "/var/folders/h3/d3bt0m797y79k9d5zzwrxm7c0000gn/T/rust_mozprofile6Cv8ZC"
1670543691501	Marionette	INFO	Marionette enabled
2022-12-08 15:54:52.328 firefox-bin[45300:18503105] Warning: Expected min height of view: (<NSButton: 0x120a85c00>) to be less than or equal to 30 but got a height of 32.000000. This error will be logged once per view in violation.
2022-12-08 15:54:52.328 firefox-bin[45300:18503105] Warning: Expected min height of view: (<NSButton: 0x120e7b000>) to be less than or equal to 30 but got a height of 32.000000. This error will be logged once per view in violation.
2022-12-08 15:54:52.329 firefox-bin[45300:18503105] Warning: Expected min height of view: (<NSButton: 0x120e7dc00>) to be less than or equal to 30 but got a height of 32.000000. This error will be logged once per view in violation.
2022-12-08 15:54:52.329 firefox-bin[45300:18503105] Warning: Expected min height of view: (<NSButton: 0x120e7d400>) to be less than or equal to 30 but got a height of 32.000000. This error will be logged once per view in violation.
2022-12-08 15:54:52.330 firefox-bin[45300:18503105] Warning: Expected min height of view: (<NSButton: 0x120e76800>) to be less than or equal to 30 but got a height of 32.000000. This error will be logged once per view in violation.
2022-12-08 15:54:52.330 firefox-bin[45300:18503105] Warning: Expected min height of view: (<NSPopoverTouchBarItemButton: 0x120e79400>) to be less than or equal to 30 but got a height of 32.000000. This error will be logged once per view in violation.
2022-12-08 15:54:52.331 firefox-bin[45300:18503105] Warning: Expected min height of view: (<NSPopoverTouchBarItemButton: 0x101baac00>) to be less than or equal to 30 but got a height of 32.000000. This error will be logged once per view in violation.
console.warn: SearchSettings: "get: No settings file exists, new profile?" (new NotFoundError("Could not open the file at /var/folders/h3/d3bt0m797y79k9d5zzwrxm7c0000gn/T/rust_mozprofile6Cv8ZC/search.json.mozlz4", (void 0)))
console.error: BackgroundUpdate: 
  _reasonsToNotScheduleUpdates: Failed to check for Maintenance Service Registry Key: [Exception... "Component returned failure code: 0x80004001 (NS_ERROR_NOT_IMPLEMENTED) [nsIUpdateProcessor.getServiceRegKeyExists]"  nsresult: "0x80004001 (NS_ERROR_NOT_IMPLEMENTED)"  location: "JS frame :: resource://gre/modules/BackgroundUpdate.jsm :: _reasonsToNotScheduleUpdates :: line 241"  data: no]
DevTools listening on ws://localhost:50003/devtools/browser/7fbbe8be-2783-4a76-a994-8f92aba7d509
1670543694013	Marionette	INFO	Listening on port 50026
Read port: 50026
1670543694039	RemoteAgent	WARN	TLS certificate errors will be ignored for this session
1670543694051	Marionette	INFO	Stopped listening on port 50026

###!!! [Parent][PImageBridgeParent] Error: RunMessage(msgname=PImageBridge::Msg_WillClose) Channel closing: too late to send/recv, messages will be lost

1670543764323	geckodriver	INFO	Listening on 127.0.0.1:50037
1670543764331	mozrunner::runner	INFO	Running command: "/Applications/Firefox.app/Contents/MacOS/firefox-bin" "--marionette" "--remote-debugging-port" "50038" "--remote-allow-hosts" "localhost" "-foreground" "-no-remote" "-profile" "/var/folders/h3/d3bt0m797y79k9d5zzwrxm7c0000gn/T/rust_mozprofileqWEFGG"
1670543764639	Marionette	INFO	Marionette enabled
2022-12-08 15:56:05.186 firefox-bin[45583:18505507] Warning: Expected min height of view: (<NSButton: 0x11a1a1400>) to be less than or equal to 30 but got a height of 32.000000. This error will be logged once per view in violation.
2022-12-08 15:56:05.187 firefox-bin[45583:18505507] Warning: Expected min height of view: (<NSButton: 0x11bb40800>) to be less than or equal to 30 but got a height of 32.000000. This error will be logged once per view in violation.
2022-12-08 15:56:05.187 firefox-bin[45583:18505507] Warning: Expected min height of view: (<NSButton: 0x11bb44800>) to be less than or equal to 30 but got a height of 32.000000. This error will be logged once per view in violation.
2022-12-08 15:56:05.188 firefox-bin[45583:18505507] Warning: Expected min height of view: (<NSButton: 0x11bb40400>) to be less than or equal to 30 but got a height of 32.000000. This error will be logged once per view in violation.
2022-12-08 15:56:05.188 firefox-bin[45583:18505507] Warning: Expected min height of view: (<NSButton: 0x11bb47800>) to be less than or equal to 30 but got a height of 32.000000. This error will be logged once per view in violation.
2022-12-08 15:56:05.189 firefox-bin[45583:18505507] Warning: Expected min height of view: (<NSPopoverTouchBarItemButton: 0x11bb40c00>) to be less than or equal to 30 but got a height of 32.000000. This error will be logged once per view in violation.
2022-12-08 15:56:05.189 firefox-bin[45583:18505507] Warning: Expected min height of view: (<NSPopoverTouchBarItemButton: 0x10936cc00>) to be less than or equal to 30 but got a height of 32.000000. This error will be logged once per view in violation.
console.warn: SearchSettings: "get: No settings file exists, new profile?" (new NotFoundError("Could not open the file at /var/folders/h3/d3bt0m797y79k9d5zzwrxm7c0000gn/T/rust_mozprofileqWEFGG/search.json.mozlz4", (void 0)))
console.error: BackgroundUpdate: 
  _reasonsToNotScheduleUpdates: Failed to check for Maintenance Service Registry Key: [Exception... "Component returned failure code: 0x80004001 (NS_ERROR_NOT_IMPLEMENTED) [nsIUpdateProcessor.getServiceRegKeyExists]"  nsresult: "0x80004001 (NS_ERROR_NOT_IMPLEMENTED)"  location: "JS frame :: resource://gre/modules/BackgroundUpdate.jsm :: _reasonsToNotScheduleUpdates :: line 241"  data: no]
DevTools listening on ws://localhost:50038/devtools/browser/4c58f7e2-dfef-4092-886f-381eb523f5f1
1670543766040	Marionette	INFO	Listening on port 50050
Read port: 50050
1670543766088	RemoteAgent	WARN	TLS certificate errors will be ignored for this session
1670543766100	Marionette	INFO	Stopped listening on port 50050
console.warn: TopSitesFeed: Failed to fetch data from Contile server: NetworkError when attempting to fetch resource.
console.error: Region.jsm: "Error fetching region" (new TypeError("NetworkError when attempting to fetch resource.", ""))
console.error: Region.jsm: "Failed to fetch region" (new Error("NO_RESULT", "resource://gre/modules/Region.jsm", 419))

###!!! [Parent][PImageBridgeParent] Error: RunMessage(msgname=PImageBridge::Msg_WillClose) Channel closing: too late to send/recv, messages will be lost

1670543838685	geckodriver	INFO	Listening on 127.0.0.1:50092
1670543838692	mozrunner::runner	INFO	Running command: "/Applications/Firefox.app/Contents/MacOS/firefox-bin" "--marionette" "--remote-debugging-port" "50093" "--remote-allow-hosts" "localhost" "-foreground" "-no-remote" "-profile" "/var/folders/h3/d3bt0m797y79k9d5zzwrxm7c0000gn/T/rust_mozprofileWmALR1"
1670543839010	Marionette	INFO	Marionette enabled
2022-12-08 15:57:19.567 firefox-bin[45875:18508344] Warning: Expected min height of view: (<NSButton: 0x11b7bc400>) to be less than or equal to 30 but got a height of 32.000000. This error will be logged once per view in violation.
2022-12-08 15:57:19.567 firefox-bin[45875:18508344] Warning: Expected min height of view: (<NSButton: 0x11e354c00>) to be less than or equal to 30 but got a height of 32.000000. This error will be logged once per view in violation.
2022-12-08 15:57:19.568 firefox-bin[45875:18508344] Warning: Expected min height of view: (<NSButton: 0x11e34e400>) to be less than or equal to 30 but got a height of 32.000000. This error will be logged once per view in violation.
2022-12-08 15:57:19.569 firefox-bin[45875:18508344] Warning: Expected min height of view: (<NSButton: 0x11e34d400>) to be less than or equal to 30 but got a height of 32.000000. This error will be logged once per view in violation.
2022-12-08 15:57:19.569 firefox-bin[45875:18508344] Warning: Expected min height of view: (<NSButton: 0x11e353800>) to be less than or equal to 30 but got a height of 32.000000. This error will be logged once per view in violation.
2022-12-08 15:57:19.570 firefox-bin[45875:18508344] Warning: Expected min height of view: (<NSPopoverTouchBarItemButton: 0x11e352000>) to be less than or equal to 30 but got a height of 32.000000. This error will be logged once per view in violation.
2022-12-08 15:57:19.570 firefox-bin[45875:18508344] Warning: Expected min height of view: (<NSPopoverTouchBarItemButton: 0x11a8d9c00>) to be less than or equal to 30 but got a height of 32.000000. This error will be logged once per view in violation.
console.warn: SearchSettings: "get: No settings file exists, new profile?" (new NotFoundError("Could not open the file at /var/folders/h3/d3bt0m797y79k9d5zzwrxm7c0000gn/T/rust_mozprofileWmALR1/search.json.mozlz4", (void 0)))
console.error: BackgroundUpdate: 
  _reasonsToNotScheduleUpdates: Failed to check for Maintenance Service Registry Key: [Exception... "Component returned failure code: 0x80004001 (NS_ERROR_NOT_IMPLEMENTED) [nsIUpdateProcessor.getServiceRegKeyExists]"  nsresult: "0x80004001 (NS_ERROR_NOT_IMPLEMENTED)"  location: "JS frame :: resource://gre/modules/BackgroundUpdate.jsm :: _reasonsToNotScheduleUpdates :: line 241"  data: no]
DevTools listening on ws://localhost:50093/devtools/browser/20886406-7563-4992-9496-e71bf451fbff
1670543840708	Marionette	INFO	Listening on port 50114
Read port: 50114
1670543840760	RemoteAgent	WARN	TLS certificate errors will be ignored for this session
1670543840772	Marionette	INFO	Stopped listening on port 50114

###!!! [Parent][PImageBridgeParent] Error: RunMessage(msgname=PImageBridge::Msg_WillClose) Channel closing: too late to send/recv, messages will be lost

1670543856681	geckodriver	INFO	Listening on 127.0.0.1:50123
1670543856688	mozrunner::runner	INFO	Running command: "/Applications/Firefox.app/Contents/MacOS/firefox-bin" "--marionette" "--remote-debugging-port" "50124" "--remote-allow-hosts" "localhost" "-foreground" "-no-remote" "-profile" "/var/folders/h3/d3bt0m797y79k9d5zzwrxm7c0000gn/T/rust_mozprofilewOi1nJ"
1670543856987	Marionette	INFO	Marionette enabled
2022-12-08 15:57:37.537 firefox-bin[45942:18509194] Warning: Expected min height of view: (<NSButton: 0x1146dc800>) to be less than or equal to 30 but got a height of 32.000000. This error will be logged once per view in violation.
2022-12-08 15:57:37.538 firefox-bin[45942:18509194] Warning: Expected min height of view: (<NSButton: 0x115f3e400>) to be less than or equal to 30 but got a height of 32.000000. This error will be logged once per view in violation.
2022-12-08 15:57:37.538 firefox-bin[45942:18509194] Warning: Expected min height of view: (<NSButton: 0x115f3f000>) to be less than or equal to 30 but got a height of 32.000000. This error will be logged once per view in violation.
2022-12-08 15:57:37.539 firefox-bin[45942:18509194] Warning: Expected min height of view: (<NSButton: 0x115f3a800>) to be less than or equal to 30 but got a height of 32.000000. This error will be logged once per view in violation.
2022-12-08 15:57:37.539 firefox-bin[45942:18509194] Warning: Expected min height of view: (<NSButton: 0x115f3c400>) to be less than or equal to 30 but got a height of 32.000000. This error will be logged once per view in violation.
2022-12-08 15:57:37.540 firefox-bin[45942:18509194] Warning: Expected min height of view: (<NSPopoverTouchBarItemButton: 0x115f3bc00>) to be less than or equal to 30 but got a height of 32.000000. This error will be logged once per view in violation.
2022-12-08 15:57:37.540 firefox-bin[45942:18509194] Warning: Expected min height of view: (<NSPopoverTouchBarItemButton: 0x1124d3400>) to be less than or equal to 30 but got a height of 32.000000. This error will be logged once per view in violation.
console.warn: SearchSettings: "get: No settings file exists, new profile?" (new NotFoundError("Could not open the file at /var/folders/h3/d3bt0m797y79k9d5zzwrxm7c0000gn/T/rust_mozprofilewOi1nJ/search.json.mozlz4", (void 0)))
console.error: BackgroundUpdate: 
  _reasonsToNotScheduleUpdates: Failed to check for Maintenance Service Registry Key: [Exception... "Component returned failure code: 0x80004001 (NS_ERROR_NOT_IMPLEMENTED) [nsIUpdateProcessor.getServiceRegKeyExists]"  nsresult: "0x80004001 (NS_ERROR_NOT_IMPLEMENTED)"  location: "JS frame :: resource://gre/modules/BackgroundUpdate.jsm :: _reasonsToNotScheduleUpdates :: line 241"  data: no]
DevTools listening on ws://localhost:50124/devtools/browser/d31b0057-8963-4aa9-ba82-a651d899b8ad
1670543858466	Marionette	INFO	Listening on port 50145
Read port: 50145
1670543858545	RemoteAgent	WARN	TLS certificate errors will be ignored for this session
1670543858556	Marionette	INFO	Stopped listening on port 50145
console.warn: services.settings: main/quicksuggest sync interrupted by shutdown

###!!! [Parent][PImageBridgeParent] Error: RunMessage(msgname=PImageBridge::Msg_WillClose) Channel closing: too late to send/recv, messages will be lost

1670543927135	geckodriver	INFO	Listening on 127.0.0.1:50154
1670543927142	mozrunner::runner	INFO	Running command: "/Applications/Firefox.app/Contents/MacOS/firefox-bin" "--marionette" "--remote-debugging-port" "50155" "--remote-allow-hosts" "localhost" "-foreground" "-no-remote" "-profile" "/var/folders/h3/d3bt0m797y79k9d5zzwrxm7c0000gn/T/rust_mozprofileAN4tyY"
1670543927459	Marionette	INFO	Marionette enabled
2022-12-08 15:58:48.021 firefox-bin[46180:18511104] Warning: Expected min height of view: (<NSButton: 0x119e9c800>) to be less than or equal to 30 but got a height of 32.000000. This error will be logged once per view in violation.
2022-12-08 15:58:48.022 firefox-bin[46180:18511104] Warning: Expected min height of view: (<NSButton: 0x12053a400>) to be less than or equal to 30 but got a height of 32.000000. This error will be logged once per view in violation.
2022-12-08 15:58:48.023 firefox-bin[46180:18511104] Warning: Expected min height of view: (<NSButton: 0x12053a800>) to be less than or equal to 30 but got a height of 32.000000. This error will be logged once per view in violation.
2022-12-08 15:58:48.023 firefox-bin[46180:18511104] Warning: Expected min height of view: (<NSButton: 0x120587800>) to be less than or equal to 30 but got a height of 32.000000. This error will be logged once per view in violation.
2022-12-08 15:58:48.024 firefox-bin[46180:18511104] Warning: Expected min height of view: (<NSButton: 0x120588c00>) to be less than or equal to 30 but got a height of 32.000000. This error will be logged once per view in violation.
2022-12-08 15:58:48.024 firefox-bin[46180:18511104] Warning: Expected min height of view: (<NSPopoverTouchBarItemButton: 0x120588000>) to be less than or equal to 30 but got a height of 32.000000. This error will be logged once per view in violation.
2022-12-08 15:58:48.025 firefox-bin[46180:18511104] Warning: Expected min height of view: (<NSPopoverTouchBarItemButton: 0x1183f0c00>) to be less than or equal to 30 but got a height of 32.000000. This error will be logged once per view in violation.
console.warn: SearchSettings: "get: No settings file exists, new profile?" (new NotFoundError("Could not open the file at /var/folders/h3/d3bt0m797y79k9d5zzwrxm7c0000gn/T/rust_mozprofileAN4tyY/search.json.mozlz4", (void 0)))
console.error: BackgroundUpdate: 
  _reasonsToNotScheduleUpdates: Failed to check for Maintenance Service Registry Key: [Exception... "Component returned failure code: 0x80004001 (NS_ERROR_NOT_IMPLEMENTED) [nsIUpdateProcessor.getServiceRegKeyExists]"  nsresult: "0x80004001 (NS_ERROR_NOT_IMPLEMENTED)"  location: "JS frame :: resource://gre/modules/BackgroundUpdate.jsm :: _reasonsToNotScheduleUpdates :: line 241"  data: no]
DevTools listening on ws://localhost:50155/devtools/browser/3302430a-4b45-43c6-8ece-9002eafbaf8f
1670543929029	Marionette	INFO	Listening on port 50173
Read port: 50173
1670543929099	RemoteAgent	WARN	TLS certificate errors will be ignored for this session
1670543929114	Marionette	INFO	Stopped listening on port 50173
console.warn: services.settings: main/quicksuggest sync interrupted by shutdown
console.warn: services.settings: main/query-stripping sync interrupted by shutdown

###!!! [Parent][PImageBridgeParent] Error: RunMessage(msgname=PImageBridge::Msg_WillClose) Channel closing: too late to send/recv, messages will be lost

1670543946696	geckodriver	INFO	Listening on 127.0.0.1:50183
1670543946703	mozrunner::runner	INFO	Running command: "/Applications/Firefox.app/Contents/MacOS/firefox-bin" "--marionette" "--remote-debugging-port" "50184" "--remote-allow-hosts" "localhost" "-foreground" "-no-remote" "-profile" "/var/folders/h3/d3bt0m797y79k9d5zzwrxm7c0000gn/T/rust_mozprofileXDylXY"
1670543947011	Marionette	INFO	Marionette enabled
2022-12-08 15:59:07.555 firefox-bin[46250:18511902] Warning: Expected min height of view: (<NSButton: 0x11af22c00>) to be less than or equal to 30 but got a height of 32.000000. This error will be logged once per view in violation.
2022-12-08 15:59:07.556 firefox-bin[46250:18511902] Warning: Expected min height of view: (<NSButton: 0x122153000>) to be less than or equal to 30 but got a height of 32.000000. This error will be logged once per view in violation.
2022-12-08 15:59:07.556 firefox-bin[46250:18511902] Warning: Expected min height of view: (<NSButton: 0x122157400>) to be less than or equal to 30 but got a height of 32.000000. This error will be logged once per view in violation.
2022-12-08 15:59:07.557 firefox-bin[46250:18511902] Warning: Expected min height of view: (<NSButton: 0x122151c00>) to be less than or equal to 30 but got a height of 32.000000. This error will be logged once per view in violation.
2022-12-08 15:59:07.557 firefox-bin[46250:18511902] Warning: Expected min height of view: (<NSButton: 0x122152400>) to be less than or equal to 30 but got a height of 32.000000. This error will be logged once per view in violation.
2022-12-08 15:59:07.558 firefox-bin[46250:18511902] Warning: Expected min height of view: (<NSPopoverTouchBarItemButton: 0x122152c00>) to be less than or equal to 30 but got a height of 32.000000. This error will be logged once per view in violation.
2022-12-08 15:59:07.558 firefox-bin[46250:18511902] Warning: Expected min height of view: (<NSPopoverTouchBarItemButton: 0x119db5400>) to be less than or equal to 30 but got a height of 32.000000. This error will be logged once per view in violation.
console.warn: SearchSettings: "get: No settings file exists, new profile?" (new NotFoundError("Could not open the file at /var/folders/h3/d3bt0m797y79k9d5zzwrxm7c0000gn/T/rust_mozprofileXDylXY/search.json.mozlz4", (void 0)))
console.error: BackgroundUpdate: 
  _reasonsToNotScheduleUpdates: Failed to check for Maintenance Service Registry Key: [Exception... "Component returned failure code: 0x80004001 (NS_ERROR_NOT_IMPLEMENTED) [nsIUpdateProcessor.getServiceRegKeyExists]"  nsresult: "0x80004001 (NS_ERROR_NOT_IMPLEMENTED)"  location: "JS frame :: resource://gre/modules/BackgroundUpdate.jsm :: _reasonsToNotScheduleUpdates :: line 241"  data: no]
DevTools listening on ws://localhost:50184/devtools/browser/5e2e3b25-2275-449f-8f43-508a780b158c
1670543948581	Marionette	INFO	Listening on port 50204
Read port: 50204
1670543948659	RemoteAgent	WARN	TLS certificate errors will be ignored for this session
1670543954012	Marionette	INFO	Stopped listening on port 50204
console.error: QuickSuggest: (new TypeError("NetworkError: Network request failed", "resource://services-settings/Utils.jsm", 132))

###!!! [Parent][PImageBridgeParent] Error: RunMessage(msgname=PImageBridge::Msg_WillClose) Channel closing: too late to send/recv, messages will be lost

1670543990181	geckodriver	INFO	Listening on 127.0.0.1:50242
1670543990188	mozrunner::runner	INFO	Running command: "/Applications/Firefox.app/Contents/MacOS/firefox-bin" "--marionette" "--remote-debugging-port" "50243" "--remote-allow-hosts" "localhost" "-foreground" "-no-remote" "-profile" "/var/folders/h3/d3bt0m797y79k9d5zzwrxm7c0000gn/T/rust_mozprofilekRj62n"
1670543990513	Marionette	INFO	Marionette enabled
2022-12-08 15:59:51.088 firefox-bin[46412:18513492] Warning: Expected min height of view: (<NSButton: 0x11bc07800>) to be less than or equal to 30 but got a height of 32.000000. This error will be logged once per view in violation.
2022-12-08 15:59:51.089 firefox-bin[46412:18513492] Warning: Expected min height of view: (<NSButton: 0x122449c00>) to be less than or equal to 30 but got a height of 32.000000. This error will be logged once per view in violation.
2022-12-08 15:59:51.090 firefox-bin[46412:18513492] Warning: Expected min height of view: (<NSButton: 0x12244a000>) to be less than or equal to 30 but got a height of 32.000000. This error will be logged once per view in violation.
2022-12-08 15:59:51.090 firefox-bin[46412:18513492] Warning: Expected min height of view: (<NSButton: 0x12244dc00>) to be less than or equal to 30 but got a height of 32.000000. This error will be logged once per view in violation.
2022-12-08 15:59:51.091 firefox-bin[46412:18513492] Warning: Expected min height of view: (<NSButton: 0x12244a400>) to be less than or equal to 30 but got a height of 32.000000. This error will be logged once per view in violation.
2022-12-08 15:59:51.091 firefox-bin[46412:18513492] Warning: Expected min height of view: (<NSPopoverTouchBarItemButton: 0x12244d800>) to be less than or equal to 30 but got a height of 32.000000. This error will be logged once per view in violation.
2022-12-08 15:59:51.092 firefox-bin[46412:18513492] Warning: Expected min height of view: (<NSPopoverTouchBarItemButton: 0x11ac08800>) to be less than or equal to 30 but got a height of 32.000000. This error will be logged once per view in violation.
console.warn: SearchSettings: "get: No settings file exists, new profile?" (new NotFoundError("Could not open the file at /var/folders/h3/d3bt0m797y79k9d5zzwrxm7c0000gn/T/rust_mozprofilekRj62n/search.json.mozlz4", (void 0)))
console.error: BackgroundUpdate: 
  _reasonsToNotScheduleUpdates: Failed to check for Maintenance Service Registry Key: [Exception... "Component returned failure code: 0x80004001 (NS_ERROR_NOT_IMPLEMENTED) [nsIUpdateProcessor.getServiceRegKeyExists]"  nsresult: "0x80004001 (NS_ERROR_NOT_IMPLEMENTED)"  location: "JS frame :: resource://gre/modules/BackgroundUpdate.jsm :: _reasonsToNotScheduleUpdates :: line 241"  data: no]
DevTools listening on ws://localhost:50243/devtools/browser/b14f8e19-a7bd-4267-8d62-790d6f09fb09
1670543992047	Marionette	INFO	Listening on port 50264
Read port: 50264
1670543992140	RemoteAgent	WARN	TLS certificate errors will be ignored for this session
1670543992337	Marionette	INFO	Stopped listening on port 50264
console.error: services.settings: 
  main/query-stripping Signature failed  TypeError: NetworkError: Network request failed
console.error: services.settings: 
  main/quicksuggest Signature failed  TypeError: NetworkError: Network request failed

###!!! [Parent][PImageBridgeParent] Error: RunMessage(msgname=PImageBridge::Msg_WillClose) Channel closing: too late to send/recv, messages will be lost

1670544170751	geckodriver	INFO	Listening on 127.0.0.1:50302
1670544171266	mozrunner::runner	INFO	Running command: "/Applications/Firefox.app/Contents/MacOS/firefox-bin" "--marionette" "-headless" "--remote-debugging-port" "50303" "--remote-allow-hosts" "localhost" "-foreground" "-no-remote" "-profile" "/var/folders/h3/d3bt0m797y79k9d5zzwrxm7c0000gn/T/rust_mozprofilenYMClL"
*** You are running in headless mode.
1670544171703	Marionette	INFO	Marionette enabled
[GFX1-]: RenderCompositorSWGL failed mapping default framebuffer, no dt
console.warn: SearchSettings: "get: No settings file exists, new profile?" (new NotFoundError("Could not open the file at /var/folders/h3/d3bt0m797y79k9d5zzwrxm7c0000gn/T/rust_mozprofilenYMClL/search.json.mozlz4", (void 0)))
console.error: BackgroundUpdate: 
  _reasonsToNotScheduleUpdates: Failed to check for Maintenance Service Registry Key: [Exception... "Component returned failure code: 0x80004001 (NS_ERROR_NOT_IMPLEMENTED) [nsIUpdateProcessor.getServiceRegKeyExists]"  nsresult: "0x80004001 (NS_ERROR_NOT_IMPLEMENTED)"  location: "JS frame :: resource://gre/modules/BackgroundUpdate.jsm :: _reasonsToNotScheduleUpdates :: line 241"  data: no]
DevTools listening on ws://localhost:50303/devtools/browser/0930be29-0eb7-4693-b23e-e7b9ac5a81b8
1670544172806	Marionette	INFO	Listening on port 50320
Read port: 50320
1670544172927	RemoteAgent	WARN	TLS certificate errors will be ignored for this session
1670544181973	geckodriver	INFO	Listening on 127.0.0.1:50360
1670544181981	mozrunner::runner	INFO	Running command: "/Applications/Firefox.app/Contents/MacOS/firefox-bin" "--marionette" "-headless" "--remote-debugging-port" "50361" "--remote-allow-hosts" "localhost" "-foreground" "-no-remote" "-profile" "/var/folders/h3/d3bt0m797y79k9d5zzwrxm7c0000gn/T/rust_mozprofileipqgBx"
*** You are running in headless mode.
1670544182259	Marionette	INFO	Marionette enabled
[GFX1-]: RenderCompositorSWGL failed mapping default framebuffer, no dt
console.warn: SearchSettings: "get: No settings file exists, new profile?" (new NotFoundError("Could not open the file at /var/folders/h3/d3bt0m797y79k9d5zzwrxm7c0000gn/T/rust_mozprofileipqgBx/search.json.mozlz4", (void 0)))
console.error: BackgroundUpdate: 
  _reasonsToNotScheduleUpdates: Failed to check for Maintenance Service Registry Key: [Exception... "Component returned failure code: 0x80004001 (NS_ERROR_NOT_IMPLEMENTED) [nsIUpdateProcessor.getServiceRegKeyExists]"  nsresult: "0x80004001 (NS_ERROR_NOT_IMPLEMENTED)"  location: "JS frame :: resource://gre/modules/BackgroundUpdate.jsm :: _reasonsToNotScheduleUpdates :: line 241"  data: no]
DevTools listening on ws://localhost:50361/devtools/browser/d1a5e5cb-88a5-4b06-826c-8ec60d2800a0
1670544183327	Marionette	INFO	Listening on port 50378
Read port: 50378
1670544183430	RemoteAgent	WARN	TLS certificate errors will be ignored for this session
1670544184095	Marionette	INFO	Stopped listening on port 50378
console.warn: services.settings: main/query-stripping sync interrupted by shutdown

###!!! [Parent][PImageBridgeParent] Error: RunMessage(msgname=PImageBridge::Msg_WillClose) Channel closing: too late to send/recv, messages will be lost

1670545606192	geckodriver	INFO	Listening on 127.0.0.1:50657
1670545606700	mozrunner::runner	INFO	Running command: "/Applications/Firefox.app/Contents/MacOS/firefox-bin" "--marionette" "-headless" "--remote-debugging-port" "50658" "--remote-allow-hosts" "localhost" "-foreground" "-no-remote" "-profile" "/var/folders/h3/d3bt0m797y79k9d5zzwrxm7c0000gn/T/rust_mozprofilecB4MYt"
*** You are running in headless mode.
1670545607004	Marionette	INFO	Marionette enabled
[GFX1-]: RenderCompositorSWGL failed mapping default framebuffer, no dt
console.warn: SearchSettings: "get: No settings file exists, new profile?" (new NotFoundError("Could not open the file at /var/folders/h3/d3bt0m797y79k9d5zzwrxm7c0000gn/T/rust_mozprofilecB4MYt/search.json.mozlz4", (void 0)))
console.error: BackgroundUpdate: 
  _reasonsToNotScheduleUpdates: Failed to check for Maintenance Service Registry Key: [Exception... "Component returned failure code: 0x80004001 (NS_ERROR_NOT_IMPLEMENTED) [nsIUpdateProcessor.getServiceRegKeyExists]"  nsresult: "0x80004001 (NS_ERROR_NOT_IMPLEMENTED)"  location: "JS frame :: resource://gre/modules/BackgroundUpdate.jsm :: _reasonsToNotScheduleUpdates :: line 241"  data: no]
DevTools listening on ws://localhost:50658/devtools/browser/2ac8be31-719b-426f-a960-91aa27926737
1670545608041	Marionette	INFO	Listening on port 50680
Read port: 50680
1670545608064	RemoteAgent	WARN	TLS certificate errors will be ignored for this session
1670545623441	geckodriver	INFO	Listening on 127.0.0.1:50719
1670545623448	mozrunner::runner	INFO	Running command: "/Applications/Firefox.app/Contents/MacOS/firefox-bin" "--marionette" "-headless" "--remote-debugging-port" "50720" "--remote-allow-hosts" "localhost" "-foreground" "-no-remote" "-profile" "/var/folders/h3/d3bt0m797y79k9d5zzwrxm7c0000gn/T/rust_mozprofileeNCf4q"
*** You are running in headless mode.
1670545623760	Marionette	INFO	Marionette enabled
[GFX1-]: RenderCompositorSWGL failed mapping default framebuffer, no dt
console.warn: SearchSettings: "get: No settings file exists, new profile?" (new NotFoundError("Could not open the file at /var/folders/h3/d3bt0m797y79k9d5zzwrxm7c0000gn/T/rust_mozprofileeNCf4q/search.json.mozlz4", (void 0)))
console.error: BackgroundUpdate: 
  _reasonsToNotScheduleUpdates: Failed to check for Maintenance Service Registry Key: [Exception... "Component returned failure code: 0x80004001 (NS_ERROR_NOT_IMPLEMENTED) [nsIUpdateProcessor.getServiceRegKeyExists]"  nsresult: "0x80004001 (NS_ERROR_NOT_IMPLEMENTED)"  location: "JS frame :: resource://gre/modules/BackgroundUpdate.jsm :: _reasonsToNotScheduleUpdates :: line 241"  data: no]
DevTools listening on ws://localhost:50720/devtools/browser/e8448e53-9318-49a0-a83d-434078e56f3c
1670545624848	Marionette	INFO	Listening on port 50741
Read port: 50741
1670545624885	RemoteAgent	WARN	TLS certificate errors will be ignored for this session
1670545774268	geckodriver	INFO	Listening on 127.0.0.1:50795
1670545774775	mozrunner::runner	INFO	Running command: "/Applications/Firefox.app/Contents/MacOS/firefox-bin" "--marionette" "-headless" "--remote-debugging-port" "50796" "--remote-allow-hosts" "localhost" "-foreground" "-no-remote" "-profile" "/var/folders/h3/d3bt0m797y79k9d5zzwrxm7c0000gn/T/rust_mozprofileRkHWvR"
*** You are running in headless mode.
1670545775085	Marionette	INFO	Marionette enabled
[GFX1-]: RenderCompositorSWGL failed mapping default framebuffer, no dt
console.warn: SearchSettings: "get: No settings file exists, new profile?" (new NotFoundError("Could not open the file at /var/folders/h3/d3bt0m797y79k9d5zzwrxm7c0000gn/T/rust_mozprofileRkHWvR/search.json.mozlz4", (void 0)))
console.error: BackgroundUpdate: 
  _reasonsToNotScheduleUpdates: Failed to check for Maintenance Service Registry Key: [Exception... "Component returned failure code: 0x80004001 (NS_ERROR_NOT_IMPLEMENTED) [nsIUpdateProcessor.getServiceRegKeyExists]"  nsresult: "0x80004001 (NS_ERROR_NOT_IMPLEMENTED)"  location: "JS frame :: resource://gre/modules/BackgroundUpdate.jsm :: _reasonsToNotScheduleUpdates :: line 241"  data: no]
DevTools listening on ws://localhost:50796/devtools/browser/765e7659-fab1-4eb2-9b59-893ee4c3260d
1670545776089	Marionette	INFO	Listening on port 50821
Read port: 50821
1670545776111	RemoteAgent	WARN	TLS certificate errors will be ignored for this session
1670545776253	Marionette	INFO	Stopped listening on port 50821

###!!! [Parent][PImageBridgeParent] Error: RunMessage(msgname=PImageBridge::Msg_WillClose) Channel closing: too late to send/recv, messages will be lost

1670545809948	geckodriver	INFO	Listening on 127.0.0.1:50833
1670545809954	mozrunner::runner	INFO	Running command: "/Applications/Firefox.app/Contents/MacOS/firefox-bin" "--marionette" "-headless" "--remote-debugging-port" "50834" "--remote-allow-hosts" "localhost" "-foreground" "-no-remote" "-profile" "/var/folders/h3/d3bt0m797y79k9d5zzwrxm7c0000gn/T/rust_mozprofileNMEI5u"
*** You are running in headless mode.
1670545810218	Marionette	INFO	Marionette enabled
[GFX1-]: RenderCompositorSWGL failed mapping default framebuffer, no dt
console.warn: SearchSettings: "get: No settings file exists, new profile?" (new NotFoundError("Could not open the file at /var/folders/h3/d3bt0m797y79k9d5zzwrxm7c0000gn/T/rust_mozprofileNMEI5u/search.json.mozlz4", (void 0)))
console.error: BackgroundUpdate: 
  _reasonsToNotScheduleUpdates: Failed to check for Maintenance Service Registry Key: [Exception... "Component returned failure code: 0x80004001 (NS_ERROR_NOT_IMPLEMENTED) [nsIUpdateProcessor.getServiceRegKeyExists]"  nsresult: "0x80004001 (NS_ERROR_NOT_IMPLEMENTED)"  location: "JS frame :: resource://gre/modules/BackgroundUpdate.jsm :: _reasonsToNotScheduleUpdates :: line 241"  data: no]
DevTools listening on ws://localhost:50834/devtools/browser/a33fdb62-71d7-4d1d-8fcf-9b3d49d1e14b
1670545811253	Marionette	INFO	Listening on port 50854
Read port: 50854
1670545811305	RemoteAgent	WARN	TLS certificate errors will be ignored for this session
1670545811428	Marionette	INFO	Stopped listening on port 50854
console.error: services.settings: 
  main/query-stripping Signature failed  TypeError: NetworkError: Network request failed
console.error: services.settings: 
  main/quicksuggest Signature failed  TypeError: NetworkError: Network request failed

###!!! [Parent][PImageBridgeParent] Error: RunMessage(msgname=PImageBridge::Msg_WillClose) Channel closing: too late to send/recv, messages will be lost

1670545928445	geckodriver	INFO	Listening on 127.0.0.1:50924
1670545928959	mozrunner::runner	INFO	Running command: "/Applications/Firefox.app/Contents/MacOS/firefox-bin" "--marionette" "-headless" "--remote-debugging-port" "50925" "--remote-allow-hosts" "localhost" "-foreground" "-no-remote" "-profile" "/var/folders/h3/d3bt0m797y79k9d5zzwrxm7c0000gn/T/rust_mozprofileXddDkI"
*** You are running in headless mode.
1670545929266	Marionette	INFO	Marionette enabled
[GFX1-]: RenderCompositorSWGL failed mapping default framebuffer, no dt
console.warn: SearchSettings: "get: No settings file exists, new profile?" (new NotFoundError("Could not open the file at /var/folders/h3/d3bt0m797y79k9d5zzwrxm7c0000gn/T/rust_mozprofileXddDkI/search.json.mozlz4", (void 0)))
console.error: BackgroundUpdate: 
  _reasonsToNotScheduleUpdates: Failed to check for Maintenance Service Registry Key: [Exception... "Component returned failure code: 0x80004001 (NS_ERROR_NOT_IMPLEMENTED) [nsIUpdateProcessor.getServiceRegKeyExists]"  nsresult: "0x80004001 (NS_ERROR_NOT_IMPLEMENTED)"  location: "JS frame :: resource://gre/modules/BackgroundUpdate.jsm :: _reasonsToNotScheduleUpdates :: line 241"  data: no]
DevTools listening on ws://localhost:50925/devtools/browser/88c42228-ac4a-4ac1-904c-1dd30dc32278
1670545930288	Marionette	INFO	Listening on port 50949
Read port: 50949
1670545930303	RemoteAgent	WARN	TLS certificate errors will be ignored for this session
1670545930434	Marionette	INFO	Stopped listening on port 50949
console.warn: services.settings: main/quicksuggest sync interrupted by shutdown
1670547553005	geckodriver	INFO	Listening on 127.0.0.1:51114
1670547553524	mozrunner::runner	INFO	Running command: "/Applications/Firefox.app/Contents/MacOS/firefox-bin" "--marionette" "-headless" "--remote-debugging-port" "51115" "--remote-allow-hosts" "localhost" "-foreground" "-no-remote" "-profile" "/var/folders/h3/d3bt0m797y79k9d5zzwrxm7c0000gn/T/rust_mozprofileX51LDL"
*** You are running in headless mode.
1670547553831	Marionette	INFO	Marionette enabled
[GFX1-]: RenderCompositorSWGL failed mapping default framebuffer, no dt
console.warn: SearchSettings: "get: No settings file exists, new profile?" (new NotFoundError("Could not open the file at /var/folders/h3/d3bt0m797y79k9d5zzwrxm7c0000gn/T/rust_mozprofileX51LDL/search.json.mozlz4", (void 0)))
console.error: BackgroundUpdate: 
  _reasonsToNotScheduleUpdates: Failed to check for Maintenance Service Registry Key: [Exception... "Component returned failure code: 0x80004001 (NS_ERROR_NOT_IMPLEMENTED) [nsIUpdateProcessor.getServiceRegKeyExists]"  nsresult: "0x80004001 (NS_ERROR_NOT_IMPLEMENTED)"  location: "JS frame :: resource://gre/modules/BackgroundUpdate.jsm :: _reasonsToNotScheduleUpdates :: line 241"  data: no]
DevTools listening on ws://localhost:51115/devtools/browser/820dfb73-a715-40ff-99dc-0bbdba5433d1
1670547554834	Marionette	INFO	Listening on port 51136
Read port: 51136
1670547554864	RemoteAgent	WARN	TLS certificate errors will be ignored for this session
1670547554985	Marionette	INFO	Stopped listening on port 51136
console.error: services.settings: 
  main/query-stripping Signature failed  TypeError: NetworkError: Network request failed
console.error: services.settings: 
  main/quicksuggest Signature failed  TypeError: NetworkError: Network request failed
1670547591111	geckodriver	INFO	Listening on 127.0.0.1:51165
1670547591117	mozrunner::runner	INFO	Running command: "/Applications/Firefox.app/Contents/MacOS/firefox-bin" "--marionette" "-headless" "--remote-debugging-port" "51166" "--remote-allow-hosts" "localhost" "-foreground" "-no-remote" "-profile" "/var/folders/h3/d3bt0m797y79k9d5zzwrxm7c0000gn/T/rust_mozprofileBtULC1"
*** You are running in headless mode.
1670547591373	Marionette	INFO	Marionette enabled
[GFX1-]: RenderCompositorSWGL failed mapping default framebuffer, no dt
console.warn: SearchSettings: "get: No settings file exists, new profile?" (new NotFoundError("Could not open the file at /var/folders/h3/d3bt0m797y79k9d5zzwrxm7c0000gn/T/rust_mozprofileBtULC1/search.json.mozlz4", (void 0)))
console.error: BackgroundUpdate: 
  _reasonsToNotScheduleUpdates: Failed to check for Maintenance Service Registry Key: [Exception... "Component returned failure code: 0x80004001 (NS_ERROR_NOT_IMPLEMENTED) [nsIUpdateProcessor.getServiceRegKeyExists]"  nsresult: "0x80004001 (NS_ERROR_NOT_IMPLEMENTED)"  location: "JS frame :: resource://gre/modules/BackgroundUpdate.jsm :: _reasonsToNotScheduleUpdates :: line 241"  data: no]
DevTools listening on ws://localhost:51166/devtools/browser/a789c83e-07d9-4e59-881e-cf6983941e44
1670547592403	Marionette	INFO	Listening on port 51186
Read port: 51186
1670547592462	RemoteAgent	WARN	TLS certificate errors will be ignored for this session
1670547592585	Marionette	INFO	Stopped listening on port 51186
console.error: services.settings: 
  main/quicksuggest Signature failed  TypeError: NetworkError: Network request failed
console.error: services.settings: 
  main/query-stripping Signature failed  TypeError: NetworkError: Network request failed

###!!! [Parent][PImageBridgeParent] Error: RunMessage(msgname=PImageBridge::Msg_WillClose) Channel closing: too late to send/recv, messages will be lost

1670547606415	geckodriver	INFO	Listening on 127.0.0.1:51199
1670547606421	mozrunner::runner	INFO	Running command: "/Applications/Firefox.app/Contents/MacOS/firefox-bin" "--marionette" "-headless" "--remote-debugging-port" "51200" "--remote-allow-hosts" "localhost" "-foreground" "-no-remote" "-profile" "/var/folders/h3/d3bt0m797y79k9d5zzwrxm7c0000gn/T/rust_mozprofileow3xrs"
*** You are running in headless mode.
1670547606690	Marionette	INFO	Marionette enabled
[GFX1-]: RenderCompositorSWGL failed mapping default framebuffer, no dt
console.warn: SearchSettings: "get: No settings file exists, new profile?" (new NotFoundError("Could not open the file at /var/folders/h3/d3bt0m797y79k9d5zzwrxm7c0000gn/T/rust_mozprofileow3xrs/search.json.mozlz4", (void 0)))
console.error: BackgroundUpdate: 
  _reasonsToNotScheduleUpdates: Failed to check for Maintenance Service Registry Key: [Exception... "Component returned failure code: 0x80004001 (NS_ERROR_NOT_IMPLEMENTED) [nsIUpdateProcessor.getServiceRegKeyExists]"  nsresult: "0x80004001 (NS_ERROR_NOT_IMPLEMENTED)"  location: "JS frame :: resource://gre/modules/BackgroundUpdate.jsm :: _reasonsToNotScheduleUpdates :: line 241"  data: no]
DevTools listening on ws://localhost:51200/devtools/browser/37f98447-bf35-4b6a-a6af-94424a93a84e
1670547607693	Marionette	INFO	Listening on port 51223
Read port: 51223
1670547607761	RemoteAgent	WARN	TLS certificate errors will be ignored for this session
1670547607895	Marionette	INFO	Stopped listening on port 51223

###!!! [Parent][PImageBridgeParent] Error: RunMessage(msgname=PImageBridge::Msg_WillClose) Channel closing: too late to send/recv, messages will be lost

1670550398200	geckodriver	INFO	Listening on 127.0.0.1:55649
1670550398605	mozrunner::runner	INFO	Running command: "/Applications/Firefox.app/Contents/MacOS/firefox-bin" "--marionette" "-headless" "--remote-debugging-port" "55650" "--remote-allow-hosts" "localhost" "-foreground" "-no-remote" "-profile" "/var/folders/h3/d3bt0m797y79k9d5zzwrxm7c0000gn/T/rust_mozprofilesq2v3E"
*** You are running in headless mode.
1670550398920	Marionette	INFO	Marionette enabled
[GFX1-]: RenderCompositorSWGL failed mapping default framebuffer, no dt
console.warn: SearchSettings: "get: No settings file exists, new profile?" (new NotFoundError("Could not open the file at /var/folders/h3/d3bt0m797y79k9d5zzwrxm7c0000gn/T/rust_mozprofilesq2v3E/search.json.mozlz4", (void 0)))
console.error: BackgroundUpdate: 
  _reasonsToNotScheduleUpdates: Failed to check for Maintenance Service Registry Key: [Exception... "Component returned failure code: 0x80004001 (NS_ERROR_NOT_IMPLEMENTED) [nsIUpdateProcessor.getServiceRegKeyExists]"  nsresult: "0x80004001 (NS_ERROR_NOT_IMPLEMENTED)"  location: "JS frame :: resource://gre/modules/BackgroundUpdate.jsm :: _reasonsToNotScheduleUpdates :: line 241"  data: no]
DevTools listening on ws://localhost:55650/devtools/browser/b5025387-c745-4968-9b75-ebe610582cb2
1670550400015	Marionette	INFO	Listening on port 55679
Read port: 55679
1670550400060	RemoteAgent	WARN	TLS certificate errors will be ignored for this session
1670550400275	Marionette	INFO	Stopped listening on port 55679
console.error: services.settings: 
  main/query-stripping Signature failed  TypeError: NetworkError: Network request failed
console.error: services.settings: 
  main/quicksuggest Signature failed  TypeError: NetworkError: Network request failed
1670550450948	geckodriver	INFO	Listening on 127.0.0.1:55905
1670550450955	mozrunner::runner	INFO	Running command: "/Applications/Firefox.app/Contents/MacOS/firefox-bin" "--marionette" "-headless" "--remote-debugging-port" "55906" "--remote-allow-hosts" "localhost" "-foreground" "-no-remote" "-profile" "/var/folders/h3/d3bt0m797y79k9d5zzwrxm7c0000gn/T/rust_mozprofilezEikdy"
*** You are running in headless mode.
1670550451214	Marionette	INFO	Marionette enabled
[GFX1-]: RenderCompositorSWGL failed mapping default framebuffer, no dt
console.warn: SearchSettings: "get: No settings file exists, new profile?" (new NotFoundError("Could not open the file at /var/folders/h3/d3bt0m797y79k9d5zzwrxm7c0000gn/T/rust_mozprofilezEikdy/search.json.mozlz4", (void 0)))
console.error: BackgroundUpdate: 
  _reasonsToNotScheduleUpdates: Failed to check for Maintenance Service Registry Key: [Exception... "Component returned failure code: 0x80004001 (NS_ERROR_NOT_IMPLEMENTED) [nsIUpdateProcessor.getServiceRegKeyExists]"  nsresult: "0x80004001 (NS_ERROR_NOT_IMPLEMENTED)"  location: "JS frame :: resource://gre/modules/BackgroundUpdate.jsm :: _reasonsToNotScheduleUpdates :: line 241"  data: no]
DevTools listening on ws://localhost:55906/devtools/browser/9992bb0a-1173-4dbb-bccb-79fd07f18b61
1670550452288	Marionette	INFO	Listening on port 55930
Read port: 55930
1670550452312	RemoteAgent	WARN	TLS certificate errors will be ignored for this session
1670550452468	Marionette	INFO	Stopped listening on port 55930
1670550489757	geckodriver	INFO	Listening on 127.0.0.1:56087
1670550489763	mozrunner::runner	INFO	Running command: "/Applications/Firefox.app/Contents/MacOS/firefox-bin" "--marionette" "-headless" "--remote-debugging-port" "56088" "--remote-allow-hosts" "localhost" "-foreground" "-no-remote" "-profile" "/var/folders/h3/d3bt0m797y79k9d5zzwrxm7c0000gn/T/rust_mozprofileUr2XrP"
*** You are running in headless mode.
1670550490029	Marionette	INFO	Marionette enabled
[GFX1-]: RenderCompositorSWGL failed mapping default framebuffer, no dt
console.warn: SearchSettings: "get: No settings file exists, new profile?" (new NotFoundError("Could not open the file at /var/folders/h3/d3bt0m797y79k9d5zzwrxm7c0000gn/T/rust_mozprofileUr2XrP/search.json.mozlz4", (void 0)))
console.error: BackgroundUpdate: 
  _reasonsToNotScheduleUpdates: Failed to check for Maintenance Service Registry Key: [Exception... "Component returned failure code: 0x80004001 (NS_ERROR_NOT_IMPLEMENTED) [nsIUpdateProcessor.getServiceRegKeyExists]"  nsresult: "0x80004001 (NS_ERROR_NOT_IMPLEMENTED)"  location: "JS frame :: resource://gre/modules/BackgroundUpdate.jsm :: _reasonsToNotScheduleUpdates :: line 241"  data: no]
DevTools listening on ws://localhost:56088/devtools/browser/5c9b82e1-5088-4f83-9fb1-ea87ef696b38
1670550491069	Marionette	INFO	Listening on port 56116
Read port: 56116
1670550491106	RemoteAgent	WARN	TLS certificate errors will be ignored for this session
1670550491229	Marionette	INFO	Stopped listening on port 56116
console.warn: services.settings: main/query-stripping sync interrupted by shutdown
console.warn: services.settings: main/quicksuggest sync interrupted by shutdown
JavaScript error: resource://gre/modules/AsyncShutdown.jsm, line 718: Error: Phase "profile-before-change" is finished, it is too late to register completion condition "ContentParent: id=11b09c800"

###!!! [Parent][PImageBridgeParent] Error: RunMessage(msgname=PImageBridge::Msg_WillClose) Channel closing: too late to send/recv, messages will be lost

1670552077380	geckodriver	INFO	Listening on 127.0.0.1:62941
1670552077793	mozrunner::runner	INFO	Running command: "/Applications/Firefox.app/Contents/MacOS/firefox-bin" "--marionette" "-headless" "--remote-debugging-port" "62942" "--remote-allow-hosts" "localhost" "-foreground" "-no-remote" "-profile" "/var/folders/h3/d3bt0m797y79k9d5zzwrxm7c0000gn/T/rust_mozprofilef5RSOw"
*** You are running in headless mode.
1670552078122	Marionette	INFO	Marionette enabled
[GFX1-]: RenderCompositorSWGL failed mapping default framebuffer, no dt
console.warn: SearchSettings: "get: No settings file exists, new profile?" (new NotFoundError("Could not open the file at /var/folders/h3/d3bt0m797y79k9d5zzwrxm7c0000gn/T/rust_mozprofilef5RSOw/search.json.mozlz4", (void 0)))
Exiting due to channel error.
Exiting due to channel error.

###!!! [Child][PCompositorManagerChild] Error: SendAndWait(msgname=PWebRenderBridge::Msg_EnsureConnected) Channel error: cannot send/recv

1670552084566	geckodriver	INFO	Listening on 127.0.0.1:62986
1670552084573	mozrunner::runner	INFO	Running command: "/Applications/Firefox.app/Contents/MacOS/firefox-bin" "--marionette" "-headless" "--remote-debugging-port" "62987" "--remote-allow-hosts" "localhost" "-foreground" "-no-remote" "-profile" "/var/folders/h3/d3bt0m797y79k9d5zzwrxm7c0000gn/T/rust_mozprofileCnCDGr"
*** You are running in headless mode.
1670552084839	Marionette	INFO	Marionette enabled
[GFX1-]: RenderCompositorSWGL failed mapping default framebuffer, no dt
console.warn: SearchSettings: "get: No settings file exists, new profile?" (new NotFoundError("Could not open the file at /var/folders/h3/d3bt0m797y79k9d5zzwrxm7c0000gn/T/rust_mozprofileCnCDGr/search.json.mozlz4", (void 0)))
console.error: BackgroundUpdate: 
  _reasonsToNotScheduleUpdates: Failed to check for Maintenance Service Registry Key: [Exception... "Component returned failure code: 0x80004001 (NS_ERROR_NOT_IMPLEMENTED) [nsIUpdateProcessor.getServiceRegKeyExists]"  nsresult: "0x80004001 (NS_ERROR_NOT_IMPLEMENTED)"  location: "JS frame :: resource://gre/modules/BackgroundUpdate.jsm :: _reasonsToNotScheduleUpdates :: line 241"  data: no]
DevTools listening on ws://localhost:62987/devtools/browser/3d1f8fae-9f2d-4828-8406-f6130dcec938
1670552085797	Marionette	INFO	Listening on port 63009
Read port: 63009
1670552085816	RemoteAgent	WARN	TLS certificate errors will be ignored for this session
1670552085938	Marionette	INFO	Stopped listening on port 63009
console.error: services.settings: 
  main/quicksuggest Signature failed  TypeError: NetworkError: Network request failed
console.error: services.settings: 
  main/query-stripping Signature failed  TypeError: NetworkError: Network request failed

###!!! [Parent][PImageBridgeParent] Error: RunMessage(msgname=PImageBridge::Msg_WillClose) Channel closing: too late to send/recv, messages will be lost

1670552343906	geckodriver	INFO	Listening on 127.0.0.1:64070
1670552344424	mozrunner::runner	INFO	Running command: "/Applications/Firefox.app/Contents/MacOS/firefox-bin" "--marionette" "-headless" "--remote-debugging-port" "64071" "--remote-allow-hosts" "localhost" "-foreground" "-no-remote" "-profile" "/var/folders/h3/d3bt0m797y79k9d5zzwrxm7c0000gn/T/rust_mozprofileSFWNiO"
*** You are running in headless mode.
1670552344725	Marionette	INFO	Marionette enabled
Exiting due to channel error.
Exiting due to channel error.
1670552387267	geckodriver	INFO	Listening on 127.0.0.1:64260
1670552387275	mozrunner::runner	INFO	Running command: "/Applications/Firefox.app/Contents/MacOS/firefox-bin" "--marionette" "-headless" "--remote-debugging-port" "64261" "--remote-allow-hosts" "localhost" "-foreground" "-no-remote" "-profile" "/var/folders/h3/d3bt0m797y79k9d5zzwrxm7c0000gn/T/rust_mozprofilePIJwen"
*** You are running in headless mode.
1670552387535	Marionette	INFO	Marionette enabled
[GFX1-]: RenderCompositorSWGL failed mapping default framebuffer, no dt
console.warn: SearchSettings: "get: No settings file exists, new profile?" (new NotFoundError("Could not open the file at /var/folders/h3/d3bt0m797y79k9d5zzwrxm7c0000gn/T/rust_mozprofilePIJwen/search.json.mozlz4", (void 0)))
console.error: BackgroundUpdate: 
  _reasonsToNotScheduleUpdates: Failed to check for Maintenance Service Registry Key: [Exception... "Component returned failure code: 0x80004001 (NS_ERROR_NOT_IMPLEMENTED) [nsIUpdateProcessor.getServiceRegKeyExists]"  nsresult: "0x80004001 (NS_ERROR_NOT_IMPLEMENTED)"  location: "JS frame :: resource://gre/modules/BackgroundUpdate.jsm :: _reasonsToNotScheduleUpdates :: line 241"  data: no]
DevTools listening on ws://localhost:64261/devtools/browser/81693291-d715-4404-b06a-1240ae9403b3
1670552388538	Marionette	INFO	Listening on port 64282
Read port: 64282
1670552388627	RemoteAgent	WARN	TLS certificate errors will be ignored for this session
1670552406743	Marionette	INFO	Stopped listening on port 64282

###!!! [Parent][PImageBridgeParent] Error: RunMessage(msgname=PImageBridge::Msg_WillClose) Channel closing: too late to send/recv, messages will be lost

1670552570619	geckodriver	INFO	Listening on 127.0.0.1:65512
1670552570625	mozrunner::runner	INFO	Running command: "/Applications/Firefox.app/Contents/MacOS/firefox-bin" "--marionette" "-headless" "--remote-debugging-port" "65513" "--remote-allow-hosts" "localhost" "-foreground" "-no-remote" "-profile" "/var/folders/h3/d3bt0m797y79k9d5zzwrxm7c0000gn/T/rust_mozprofilerOg8pI"
*** You are running in headless mode.
1670552570904	Marionette	INFO	Marionette enabled
[GFX1-]: RenderCompositorSWGL failed mapping default framebuffer, no dt
console.warn: SearchSettings: "get: No settings file exists, new profile?" (new NotFoundError("Could not open the file at /var/folders/h3/d3bt0m797y79k9d5zzwrxm7c0000gn/T/rust_mozprofilerOg8pI/search.json.mozlz4", (void 0)))
console.error: BackgroundUpdate: 
  _reasonsToNotScheduleUpdates: Failed to check for Maintenance Service Registry Key: [Exception... "Component returned failure code: 0x80004001 (NS_ERROR_NOT_IMPLEMENTED) [nsIUpdateProcessor.getServiceRegKeyExists]"  nsresult: "0x80004001 (NS_ERROR_NOT_IMPLEMENTED)"  location: "JS frame :: resource://gre/modules/BackgroundUpdate.jsm :: _reasonsToNotScheduleUpdates :: line 241"  data: no]
DevTools listening on ws://localhost:65513/devtools/browser/e6759bec-0297-43ed-a192-abe7a3cabfa9
1670552571920	Marionette	INFO	Listening on port 65528
Read port: 65528
1670552571982	RemoteAgent	WARN	TLS certificate errors will be ignored for this session
1670552588660	Marionette	INFO	Stopped listening on port 65528
1670553382467	geckodriver	INFO	Listening on 127.0.0.1:45729
1670553382712	mozrunner::runner	INFO	Running command: "/usr/bin/firefox" "--marionette" "-headless" "--remote-debugging-port" "39829" "--remote-allow-hosts" "localhost" "-no-remote" "-profile" "/tmp/rust_mozprofile86k3Xi"
*** You are running in headless mode.
[GFX1-]: glxtest: Unable to open a connection to the X server
1670553388228	Marionette	INFO	Marionette enabled
1670553388263	Marionette	INFO	Listening on port 42551
Read port: 42551
Read port: 42551
WebDriver BiDi listening on ws://127.0.0.1:39829
1670553389533	RemoteAgent	WARN	TLS certificate errors will be ignored for this session
[GFX1-]: RenderCompositorSWGL failed mapping default framebuffer, no dt
console.warn: SearchSettings: "get: No settings file exists, new profile?" (new NotFoundError("Could not open the file at /tmp/rust_mozprofile86k3Xi/search.json.mozlz4", (void 0)))
DevTools listening on ws://127.0.0.1:39829/devtools/browser/2f2685c5-84b3-4cec-a61b-77f0a07e21c9
JavaScript error: https://a.pub.network/core/prebid-analytics-7.19.5.js, line 5: TypeError: g.error is not a function
JavaScript error: https://a.pub.network/core/prebid-analytics-7.19.5.js, line 5: TypeError: g.error is not a function
1670553417279	Marionette	WARN	Ignoring event 'DOMContentLoaded' because document has an invalid readyState of 'complete'.
1670553419241	Marionette	INFO	Stopped listening on port 42551
